<?xml version="1.0" encoding="utf-8"?><testsuites name="pytest tests"><testsuite name="pytest" errors="0" failures="0" skipped="1" tests="102" time="7242.223" timestamp="2026-09-24T17:03:30.130271-05:00" hostname="Dads"><testcase classname="tests.test_action_native_matter_n2" name="test_full_hessian_is_symmetric" time="0.110" /><testcase classname="tests.test_action_native_matter_n2" name="test_unreduced_polynomial_matches_hessian" time="0.001" /><testcase classname="tests.test_action_native_matter_n2" name="test_zero_fluid_limit_recovers_exact_n2_owner" time="0.001" /><testcase classname="tests.test_action_native_matter_n2" name="test_action_constraints_close_on_full_phase_space" time="0.002" /><testcase classname="tests.test_action_native_matter_n2" name="test_schutz_fluid_euler_lagrange_equations_close" time="0.011" /><testcase classname="tests.test_action_native_matter_n2" name="test_reduced_kinetic_matrix_positive_on_R1" time="0.020" /><testcase classname="tests.test_action_native_matter_n2" name="test_no_extra_force_parameters_present" time="0.001" /><testcase classname="tests.test_bhsm_los_topographic_transfer" name="test_reference_normalization_is_exact" time="0.002" /><testcase classname="tests.test_bhsm_los_topographic_transfer" name="test_localized_response_decorrelates_with_distance" time="0.003" /><testcase classname="tests.test_bhsm_los_topographic_transfer" name="test_seam_candidate_reproduces_fourth_power_identity" time="0.000" /><testcase classname="tests.test_bhsm_los_topographic_transfer" name="test_exterior_profile_activates_continuously" time="0.000" /><testcase classname="tests.test_bhsm_los_topographic_transfer" name="test_path_average_decorrelates" time="0.000" /><testcase classname="tests.test_bhsm_make_or_break_prediction" name="test_shared_state_known_projection_and_basis_invariance" time="0.007" /><testcase classname="tests.test_bhsm_make_or_break_prediction" name="test_correlated_covariance_and_incompatible_extra_observable" time="0.001" /><testcase classname="tests.test_bhsm_make_or_break_prediction" name="test_invalid_design_or_covariance_fails_closed[F0-S0]" time="0.001" /><testcase classname="tests.test_bhsm_make_or_break_prediction" name="test_invalid_design_or_covariance_fails_closed[F1-S1]" time="0.000" /><testcase classname="tests.test_bhsm_make_or_break_prediction" name="test_invalid_design_or_covariance_fails_closed[F2-S2]" time="0.000" /><testcase classname="tests.test_bhsm_make_or_break_prediction" name="test_invalid_design_or_covariance_fails_closed[F3-S3]" time="0.000" /><testcase classname="tests.test_bhsm_make_or_break_prediction" name="test_unprojected_negative_modes_and_zero_signal" time="0.000" /><testcase classname="tests.test_bhsm_make_or_break_prediction" name="test_unit_scaling_invariance" time="0.000" /><testcase classname="tests.test_bhsm_make_or_break_prediction" name="test_mc_tail_never_zero_and_strict_threshold" time="0.000" /><testcase classname="tests.test_bhsm_make_or_break_prediction" name="test_fixed_null_simulator_detects_strong_second_mode_reproducibly" time="0.049" /><testcase classname="tests.test_bhsm_make_or_break_prediction" name="test_one_local_noise_type_can_generate_rank_two_after_path_integration" time="0.000" /><testcase classname="tests.test_bhsm_make_or_break_prediction" name="test_nonfinite_and_asymmetric_inputs_rejected" time="0.000" /><testcase classname="tests.test_bhsm_make_or_break_prediction" name="test_structural_protocol_hash" time="0.009" /><testcase classname="tests.test_bhsm_optical_constitutive" name="test_static_export_has_retained_r_inverse_square_shape" time="0.000" /><testcase classname="tests.test_bhsm_optical_constitutive" name="test_moving_seam_distributional_coefficients" time="0.000" /><testcase classname="tests.test_bhsm_optical_constitutive" name="test_metric_response_matches_direct_linear_solve" time="0.000" /><testcase classname="tests.test_bhsm_optical_constitutive" name="test_weyl_and_slip_reconstruct_metric_response" time="0.000" /><testcase classname="tests.test_bhsm_optical_constitutive" name="test_covariance_pushforward_is_positive_semidefinite" time="0.000" /><testcase classname="tests.test_bhsm_optical_constitutive" name="test_compound_poisson_covariance_scales_with_rate" time="0.000" /><testcase classname="tests.test_bhsm_optical_current_gate" name="test_zero_current_closes_mixed_source_gate" time="0.000" /><testcase classname="tests.test_bhsm_optical_current_gate" name="test_zero_texture_gradient_closes_mixed_source_gate" time="0.000" /><testcase classname="tests.test_bhsm_optical_current_gate" name="test_nonzero_spatial_current_can_source_metric_projection" time="0.001" /><testcase classname="tests.test_bhsm_optical_current_gate" name="test_rank_one_covariance_has_rank_at_most_one" time="0.000" /><testcase classname="tests.test_bhsm_optical_current_gate" name="test_multichannel_covariance_rank_bounded_by_channel_count" time="0.001" /><testcase classname="tests.test_bhsm_optical_hessian_projection" name="test_projection_matches_direct_entries" time="0.000" /><testcase classname="tests.test_bhsm_optical_hessian_projection" name="test_mixed_projection" time="0.000" /><testcase classname="tests.test_bhsm_optical_hessian_projection" name="test_response_residual_is_zero" time="0.000" /><testcase classname="tests.test_bhsm_optical_hessian_projection" name="test_basis_covariance" time="0.000" /><testcase classname="tests.test_bhsm_optical_hessian_projection" name="test_schur_matches_block_elimination" time="0.000" /><testcase classname="tests.test_bhsm_optical_low_rank_covariance" name="test_one_channel_pushforward_is_rank_one" time="0.000" /><testcase classname="tests.test_bhsm_optical_low_rank_covariance" name="test_rank_bound_for_two_channels" time="0.000" /><testcase classname="tests.test_bhsm_optical_low_rank_covariance" name="test_rank_one_principal_minors_vanish" time="0.000" /><testcase classname="tests.test_bhsm_optical_low_rank_covariance" name="test_rank_one_diagnostics_are_exact" time="0.000" /><testcase classname="tests.test_bhsm_optical_low_rank_covariance" name="test_eigenclip_is_psd" time="0.000" /><testcase classname="tests.test_bhsm_optical_transfer" name="test_closed_s3_background_jacobi_identity" time="0.000" /><testcase classname="tests.test_bhsm_optical_transfer" name="test_flat_limit_SK_and_HK" time="0.000" /><testcase classname="tests.test_bhsm_optical_transfer" name="test_source_matrix_places_sources_in_correct_equations" time="0.000" /><testcase classname="tests.test_bhsm_optical_transfer" name="test_pure_isotropic_tidal_source_has_no_shear" time="0.000" /><testcase classname="tests.test_bhsm_optical_transfer" name="test_trace_free_tidal_source_has_no_convergence" time="0.000" /><testcase classname="tests.test_bhsm_optical_transfer" name="test_covariance_injection_is_positive_semidefinite" time="0.000" /><testcase classname="tests.test_bhsm_optical_transfer" name="test_fixed_affine_distance_relation" time="0.000" /><testcase classname="tests.test_bianchi_dictionary_n2" name="test_adm_newtonian_dictionary_round_trip" time="0.000" /><testcase classname="tests.test_bianchi_dictionary_n2" name="test_acceleration_matrix_determinant_is_2H2Dkin" time="2.118" /><testcase classname="tests.test_bianchi_dictionary_n2" name="test_initial_state_is_constraint_and_tangency_consistent" time="2.325" /><testcase classname="tests.test_bianchi_dictionary_n2" name="test_dae_preserves_00_0i_constraints_from_index_consistent_seed" time="3.098"><skipped type="pytest.xfail" message="Known curvature-dependent EFT compatibility defect; BHSM defining transport uses the action-reduced physical n=2 operator." /></testcase><testcase classname="tests.test_bianchi_dictionary_n2" name="test_topographic_response_remains_off" time="0.000" /><testcase classname="tests.test_bianchi_dictionary_n2" name="test_gp_eq12_alphaB_derivative_source_term" time="2.219" /><testcase classname="tests.test_closed_horndeski_n2" name="test_theta_alpha_identity" time="2.108" /><testcase classname="tests.test_closed_horndeski_n2" name="test_closed_n2_kinetic_identity_and_positivity" time="2.120" /><testcase classname="tests.test_closed_horndeski_n2" name="test_n2_constraint_solution_closes_original_equations" time="2.163" /><testcase classname="tests.test_closed_horndeski_n2" name="test_formal_gravity_sector_fs_is_finite_on_reference_samples" time="2.149" /><testcase classname="tests.test_coupled_environmental_state" name="test_seed_and_stored_canonical_propagator" time="0.380" /><testcase classname="tests.test_coupled_environmental_state" name="test_environment_and_matter_alone_span_both_output_bases" time="0.000" /><testcase classname="tests.test_coupled_environmental_state" name="test_common_spatial_profile_needs_aligned_initial_topography" time="0.000" /><testcase classname="tests.test_coupled_environmental_state" name="test_generic_environment_produces_two_spatial_patterns" time="0.000" /><testcase classname="tests.test_matter_sourced_n2" name="test_constraint_determinant_identity_and_invertibility" time="2.389" /><testcase classname="tests.test_matter_sourced_n2" name="test_sourced_constraint_inverse_closes_exactly" time="2.179" /><testcase classname="tests.test_matter_sourced_n2" name="test_no_slip_for_ideal_sources" time="0.000" /><testcase classname="tests.test_matter_sourced_n2" name="test_local_transfer_matrix_is_linear" time="2.372" /><testcase classname="tests.test_matter_sourced_n2" name="test_topographic_operator_is_not_silently_present" time="0.000" /><testcase classname="tests.test_r1_2mrs_bhsm_seam_transfer" name="test_brighter_object_has_larger_seam_weight" time="0.001" /><testcase classname="tests.test_r1_2mrs_bhsm_seam_transfer" name="test_weight_is_square_root_of_linear_luminosity_proxy" time="0.001" /><testcase classname="tests.test_r1_2mrs_bhsm_seam_transfer" name="test_seam_weight_positive" time="0.001" /><testcase classname="tests.test_r1_2mrs_foreground_transfer" name="test_axis_cosine_bounded" time="0.000" /><testcase classname="tests.test_r1_2mrs_foreground_transfer" name="test_gaussian_counts_peak_on_source" time="0.001" /><testcase classname="tests.test_r1_2mrs_foreground_transfer" name="test_foreground_visibility_is_causal" time="0.002" /><testcase classname="tests.test_r1_2mrs_foreground_transfer" name="test_standardize_unit_variance" time="0.000" /><testcase classname="tests.test_r1_2mrs_luminosity_transfer" name="test_kmag_priority" time="0.017" /><testcase classname="tests.test_r1_2mrs_luminosity_transfer" name="test_luminosity_brighter_is_heavier" time="0.001" /><testcase classname="tests.test_r1_2mrs_luminosity_transfer" name="test_weight_positive" time="0.001" /><testcase classname="tests.test_r1_action_native_gradient_dispersion" name="test_gradient_dispersion_artifacts_pass_and_preserve_owner" time="0.015" /><testcase classname="tests.test_r1_action_native_gradient_dispersion" name="test_extended_principal_symbol_converges_and_is_gradient_stable" time="0.005" /><testcase classname="tests.test_r1_action_native_gradient_dispersion" name="test_independent_gravity_scalar_diagnostics_positive" time="0.002" /><testcase classname="tests.test_r1_n2_growth_lensing_transfer" name="test_zero_dust_response_at_anchor" time="1.239" /><testcase classname="tests.test_r1_n2_growth_lensing_transfer" name="test_dust_ode_dense_output_consistency" time="1.195" /><testcase classname="tests.test_r1_n2_growth_lensing_transfer" name="test_weyl_kernel_is_finite" time="1.157" /><testcase classname="tests.test_r1_n2_growth_lensing_transfer" name="test_fsigma8_state_kernel_is_finite" time="1.489" /><testcase classname="tests.test_r1_n2_luminosity_distance_kernel" name="test_curved_distance_has_flat_limit" time="0.000" /><testcase classname="tests.test_r1_n2_luminosity_distance_kernel" name="test_distance_row_is_finite_and_dual" time="1.587" /><testcase classname="tests.test_r1_n2_luminosity_distance_kernel" name="test_calibration_null_is_exact" time="2888.735" /><testcase classname="tests.test_r1_n2_luminosity_distance_kernel" name="test_single_calibration_leaves_one_state_direction" time="2212.069" /><testcase classname="tests.test_r1_n2_luminosity_distance_kernel" name="test_cross_observable_rows_not_all_parallel_to_DL" time="2102.035" /><testcase classname="tests.test_r1_n2_reduced_propagator" name="test_anchor_is_identity" time="0.231" /><testcase classname="tests.test_r1_n2_reduced_propagator" name="test_reduced_coefficients_positive_on_prediction_interval" time="0.005" /><testcase classname="tests.test_r1_n2_reduced_propagator" name="test_closed_n2_constraints_remain_exact" time="0.225" /><testcase classname="tests.test_r1_n2_reduced_propagator" name="test_liouville_identity" time="0.228" /><testcase classname="tests.test_reference_branch" name="test_manifest_integrity" time="0.008" /><testcase classname="tests.test_reference_branch" name="test_r1_background_reproduces_and_is_admissible" time="1.556" /><testcase classname="tests.test_reference_branch" name="test_harmonic_filter_selects_first_physical_n2" time="0.004" /><testcase classname="tests.test_reference_branch" name="test_r1_growth_forecast_reproduces" time="0.201" /></testsuite></testsuites>