<?xml version="1.0" encoding="utf-8"?><testsuites name="pytest tests"><testsuite name="pytest" errors="0" failures="0" skipped="0" tests="14" time="1.045" timestamp="2026-09-24T18:10:50.700486-05:00" hostname="Dads"><testcase classname="tests.test_coupled_environmental_state" name="test_seed_and_stored_canonical_propagator" time="0.299" /><testcase classname="tests.test_coupled_environmental_state" name="test_environment_and_matter_alone_span_both_output_bases" time="0.000" /><testcase classname="tests.test_coupled_environmental_state" name="test_common_spatial_profile_needs_aligned_initial_topography" time="0.000" /><testcase classname="tests.test_coupled_environmental_state" name="test_generic_environment_produces_two_spatial_patterns" time="0.000" /><testcase classname="tests.test_action_native_matter_n2" name="test_full_hessian_is_symmetric" time="0.076" /><testcase classname="tests.test_action_native_matter_n2" name="test_unreduced_polynomial_matches_hessian" time="0.001" /><testcase classname="tests.test_action_native_matter_n2" name="test_zero_fluid_limit_recovers_exact_n2_owner" time="0.001" /><testcase classname="tests.test_action_native_matter_n2" name="test_action_constraints_close_on_full_phase_space" time="0.001" /><testcase classname="tests.test_action_native_matter_n2" name="test_schutz_fluid_euler_lagrange_equations_close" time="0.010" /><testcase classname="tests.test_action_native_matter_n2" name="test_reduced_kinetic_matrix_positive_on_R1" time="0.017" /><testcase classname="tests.test_action_native_matter_n2" name="test_no_extra_force_parameters_present" time="0.001" /><testcase classname="tests.test_r1_action_native_gradient_dispersion" name="test_gradient_dispersion_artifacts_pass_and_preserve_owner" time="0.011" /><testcase classname="tests.test_r1_action_native_gradient_dispersion" name="test_extended_principal_symbol_converges_and_is_gradient_stable" time="0.005" /><testcase classname="tests.test_r1_action_native_gradient_dispersion" name="test_independent_gravity_scalar_diagnostics_positive" time="0.003" /></testsuite></testsuites>