<?xml version="1.0" encoding="utf-8"?><testsuites name="pytest tests"><testsuite name="pytest" errors="0" failures="0" skipped="0" tests="25" time="1.084" timestamp="2026-09-20T12:57:22.734545-05:00" hostname="Dads"><testcase classname="tests.test_bhsm_make_or_break_prediction" name="test_shared_state_known_projection_and_basis_invariance" time="0.009" /><testcase classname="tests.test_bhsm_make_or_break_prediction" name="test_correlated_covariance_and_incompatible_extra_observable" time="0.001" /><testcase classname="tests.test_bhsm_make_or_break_prediction" name="test_invalid_design_or_covariance_fails_closed[F0-S0]" time="0.001" /><testcase classname="tests.test_bhsm_make_or_break_prediction" name="test_invalid_design_or_covariance_fails_closed[F1-S1]" time="0.000" /><testcase classname="tests.test_bhsm_make_or_break_prediction" name="test_invalid_design_or_covariance_fails_closed[F2-S2]" time="0.000" /><testcase classname="tests.test_bhsm_make_or_break_prediction" name="test_invalid_design_or_covariance_fails_closed[F3-S3]" time="0.000" /><testcase classname="tests.test_bhsm_make_or_break_prediction" name="test_unprojected_negative_modes_and_zero_signal" time="0.000" /><testcase classname="tests.test_bhsm_make_or_break_prediction" name="test_unit_scaling_invariance" time="0.000" /><testcase classname="tests.test_bhsm_make_or_break_prediction" name="test_mc_tail_never_zero_and_strict_threshold" time="0.000" /><testcase classname="tests.test_bhsm_make_or_break_prediction" name="test_fixed_null_simulator_detects_strong_second_mode_reproducibly" time="0.045" /><testcase classname="tests.test_bhsm_make_or_break_prediction" name="test_one_local_noise_type_can_generate_rank_two_after_path_integration" time="0.001" /><testcase classname="tests.test_bhsm_make_or_break_prediction" name="test_nonfinite_and_asymmetric_inputs_rejected" time="0.000" /><testcase classname="tests.test_bhsm_make_or_break_prediction" name="test_structural_protocol_hash" time="0.008" /><testcase classname="tests.test_bhsm_optical_low_rank_covariance" name="test_one_channel_pushforward_is_rank_one" time="0.000" /><testcase classname="tests.test_bhsm_optical_low_rank_covariance" name="test_rank_bound_for_two_channels" time="0.000" /><testcase classname="tests.test_bhsm_optical_low_rank_covariance" name="test_rank_one_principal_minors_vanish" time="0.000" /><testcase classname="tests.test_bhsm_optical_low_rank_covariance" name="test_rank_one_diagnostics_are_exact" time="0.000" /><testcase classname="tests.test_bhsm_optical_low_rank_covariance" name="test_eigenclip_is_psd" time="0.000" /><testcase classname="tests.test_bhsm_optical_transfer" name="test_closed_s3_background_jacobi_identity" time="0.000" /><testcase classname="tests.test_bhsm_optical_transfer" name="test_flat_limit_SK_and_HK" time="0.000" /><testcase classname="tests.test_bhsm_optical_transfer" name="test_source_matrix_places_sources_in_correct_equations" time="0.000" /><testcase classname="tests.test_bhsm_optical_transfer" name="test_pure_isotropic_tidal_source_has_no_shear" time="0.000" /><testcase classname="tests.test_bhsm_optical_transfer" name="test_trace_free_tidal_source_has_no_convergence" time="0.000" /><testcase classname="tests.test_bhsm_optical_transfer" name="test_covariance_injection_is_positive_semidefinite" time="0.000" /><testcase classname="tests.test_bhsm_optical_transfer" name="test_fixed_affine_distance_relation" time="0.000" /></testsuite></testsuites>