<?xml version="1.0" encoding="utf-8"?><testsuites name="pytest tests"><testsuite name="pytest" errors="0" failures="0" skipped="0" tests="26" time="3.616" timestamp="2026-09-20T13:30:57.934779-05:00" hostname="Dads"><testcase classname="tests.test_bhsm_optical_constitutive" name="test_static_export_has_retained_r_inverse_square_shape" time="0.001" /><testcase classname="tests.test_bhsm_optical_constitutive" name="test_moving_seam_distributional_coefficients" time="0.000" /><testcase classname="tests.test_bhsm_optical_constitutive" name="test_metric_response_matches_direct_linear_solve" time="0.000" /><testcase classname="tests.test_bhsm_optical_constitutive" name="test_weyl_and_slip_reconstruct_metric_response" time="0.000" /><testcase classname="tests.test_bhsm_optical_constitutive" name="test_covariance_pushforward_is_positive_semidefinite" time="0.000" /><testcase classname="tests.test_bhsm_optical_constitutive" name="test_compound_poisson_covariance_scales_with_rate" time="0.000" /><testcase classname="tests.test_bhsm_optical_current_gate" name="test_zero_current_closes_mixed_source_gate" time="0.001" /><testcase classname="tests.test_bhsm_optical_current_gate" name="test_zero_texture_gradient_closes_mixed_source_gate" time="0.001" /><testcase classname="tests.test_bhsm_optical_current_gate" name="test_nonzero_spatial_current_can_source_metric_projection" time="0.001" /><testcase classname="tests.test_bhsm_optical_current_gate" name="test_rank_one_covariance_has_rank_at_most_one" time="0.000" /><testcase classname="tests.test_bhsm_optical_current_gate" name="test_multichannel_covariance_rank_bounded_by_channel_count" time="0.000" /><testcase classname="tests.test_bhsm_optical_hessian_projection" name="test_projection_matches_direct_entries" time="0.000" /><testcase classname="tests.test_bhsm_optical_hessian_projection" name="test_mixed_projection" time="0.000" /><testcase classname="tests.test_bhsm_optical_hessian_projection" name="test_response_residual_is_zero" time="0.001" /><testcase classname="tests.test_bhsm_optical_hessian_projection" name="test_basis_covariance" time="0.001" /><testcase classname="tests.test_bhsm_optical_hessian_projection" name="test_schur_matches_block_elimination" time="0.000" /><testcase classname="tests.test_r1_2mrs_foreground_transfer" name="test_axis_cosine_bounded" time="0.001" /><testcase classname="tests.test_r1_2mrs_foreground_transfer" name="test_gaussian_counts_peak_on_source" time="0.001" /><testcase classname="tests.test_r1_2mrs_foreground_transfer" name="test_foreground_visibility_is_causal" time="0.004" /><testcase classname="tests.test_r1_2mrs_foreground_transfer" name="test_standardize_unit_variance" time="0.000" /><testcase classname="tests.test_r1_2mrs_luminosity_transfer" name="test_kmag_priority" time="0.008" /><testcase classname="tests.test_r1_2mrs_luminosity_transfer" name="test_luminosity_brighter_is_heavier" time="0.001" /><testcase classname="tests.test_r1_2mrs_luminosity_transfer" name="test_weight_positive" time="0.001" /><testcase classname="tests.test_r1_2mrs_bhsm_seam_transfer" name="test_brighter_object_has_larger_seam_weight" time="0.001" /><testcase classname="tests.test_r1_2mrs_bhsm_seam_transfer" name="test_weight_is_square_root_of_linear_luminosity_proxy" time="0.001" /><testcase classname="tests.test_r1_2mrs_bhsm_seam_transfer" name="test_seam_weight_positive" time="0.001" /></testsuite></testsuites>